<?xml version="1.0" encoding="UTF-8"?>
<testsuite xmlns:xsi="http://www.w3.org/2001/XMLSchema-instance" xsi:noNamespaceSchemaLocation="https://maven.apache.org/surefire/maven-surefire-plugin/xsd/surefire-test-report.xsd" version="3.0.2" name="wash.com.br.StartupTests" time="0.884" tests="1" errors="0" skipped="0" failures="0">
  <properties>
[...]
</properties>
  <testcase name="contextLoads" classname="wash.com.br.StartupTests" time="0.311">
    <system-out><![CDATA[16:57:33.396 [main] INFO org.springframework.test.context.support.AnnotationConfigContextLoaderUtils -- Could not detect default configuration classes for test class [wash.com.br.StartupTests]: StartupTests does not declare any static, non-private, non-final, nested classes annotated with @Configuration.
16:57:33.435 [main] INFO org.springframework.boot.test.context.SpringBootTestContextBootstrapper -- Found @SpringBootConfiguration wash.com.br.Startup for test class wash.com.br.StartupTests
16:57:33.489 [main] INFO org.springframework.boot.devtools.restart.RestartApplicationListener -- Restart disabled due to context in which it is running

  .   ____          _            __ _ _
 /\\ / ___'_ __ _ _(_)_ __  __ _ \ \ \ \
( ( )\___ | '_ | '_| | '_ \/ _` | \ \ \ \
 \\/  ___)| |_)| | | | | || (_| |  ) ) ) )
  '  |____| .__|_| |_|_| |_\__, | / / / /
 =========|_|==============|___/=/_/_/_/

 :: Spring Boot ::               (v3.4.11)

2025-11-17T16:57:33.584-03:00  INFO 8000 --- [           main] wash.com.br.StartupTests                 : Starting StartupTests using Java 25.0.1 with PID 8000 (started by washingtongontijo in /Users/washingtongontijo/Documents/CursoSpringBoot/rest-with-spring-boot-and-java-erudio)
2025-11-17T16:57:33.585-03:00  INFO 8000 --- [           main] wash.com.br.StartupTests                 : No active profile set, falling back to 1 default profile: "default"
2025-11-17T16:57:33.917-03:00  INFO 8000 --- [           main] wash.com.br.StartupTests                 : Started StartupTests in 0.432 seconds (process running for 0.743)
]]></system-out>
    <system-err><![CDATA[Mockito is currently self-attaching to enable the inline-mock-maker. This will no longer work in future releases of the JDK. Please add Mockito as an agent to your build what is described in Mockito's documentation: https://javadoc.io/doc/org.mockito/mockito-core/latest/org/mockito/Mockito.html#0.3
WARNING: A Java agent has been loaded dynamically (/Users/washingtongontijo/.m2/repository/net/bytebuddy/byte-buddy-agent/1.15.11/byte-buddy-agent-1.15.11.jar)
WARNING: If a serviceability tool is in use, please run with -XX:+EnableDynamicAgentLoading to hide this warning
WARNING: If a serviceability tool is not in use, please run with -Djdk.instrument.traceUsage for more information
WARNING: Dynamic loading of agents will be disallowed by default in a future release
]]></system-err>
  </testcase>
</testsuite>